<?xml version="1.0" encoding="UTF-8"?>
<!-- Generated by org.testng.reporters.JUnitReportReporter -->
<testsuite hostname="Pramod-PC" name="com.actitime.testconfig.Run" tests="1" failures="0" timestamp="28 Feb 2016 06:32:34 GMT" time="0.008" errors="0">
  <testcase name="test" time="0.008" classname="com.actitime.testconfig.Run"/>
</testsuite> <!-- com.actitime.testconfig.Run -->
