<?xml version="1.0" encoding="UTF-8"?>
<!-- Generated by org.testng.reporters.JUnitReportReporter -->
<testsuite hostname="PoojaGadekar" name="com.actitime.testconfig.TestConfiguration" tests="1" failures="0" timestamp="13 Apr 2016 13:14:20 GMT" time="0.008" errors="0">
  <testcase name="t1" time="0.008" classname="com.actitime.testconfig.TestConfiguration"/>
</testsuite> <!-- com.actitime.testconfig.TestConfiguration -->
