<?xml version="1.0" encoding="UTF-8"?>
<!-- Generated by org.testng.reporters.JUnitReportReporter -->
<testsuite hostname="PoojaGadekar" name="com.magicbricks.regressiontest.FirstWalkThroughPageScenario" tests="1" failures="0" timestamp="21 Apr 2016 21:05:26 GMT" time="7.955" errors="0">
  <testcase name="firstWalkThroughPageTestTC_01" time="7.955" classname="com.magicbricks.regressiontest.FirstWalkThroughPageScenario"/>
</testsuite> <!-- com.magicbricks.regressiontest.FirstWalkThroughPageScenario -->
