<?xml version="1.0" encoding="UTF-8"?>
<!-- Generated by org.testng.reporters.JUnitReportReporter -->
<testsuite hostname="Pramod-PC" name="com.test.Run" tests="2" failures="0" timestamp="28 Feb 2016 06:24:26 GMT" time="0.018" errors="0">
  <testcase name="test12" time="0.017" classname="com.test.Run"/>
  <testcase name="test13" time="0.001" classname="com.test.Run"/>
</testsuite> <!-- com.test.Run -->
