<?xml version="1.0" encoding="UTF-8"?>
<!-- Generated by org.testng.reporters.JUnitReportReporter -->
<testsuite hostname="Pramod-PC" name="com.actitime.regressiontest.LoginTestSC_001" tests="2" failures="0" timestamp="6 Mar 2016 06:57:55 GMT" time="7.193" errors="0">
  <testcase name="t1" time="0.003" classname="com.actitime.regressiontest.LoginTestSC_001"/>
  <testcase name="loginTestTC_001" time="7.190" classname="com.actitime.regressiontest.LoginTestSC_001"/>
</testsuite> <!-- com.actitime.regressiontest.LoginTestSC_001 -->
