<?xml version="1.0" encoding="UTF-8"?>
<!-- Generated by org.testng.reporters.JUnitReportReporter -->
<testsuite hostname="Pramod-PC" name="com.actitime.testconfig.Demo" tests="1" failures="0" timestamp="28 Feb 2016 06:35:33 GMT" time="0.009" errors="0">
  <testcase name="test" time="0.009" classname="com.actitime.testconfig.Demo"/>
</testsuite> <!-- com.actitime.testconfig.Demo -->
