<?xml version="1.0" encoding="UTF-8"?>
<!-- Generated by org.testng.reporters.JUnitReportReporter -->
<testsuite hostname="PoojaGadekar" name="com.magicbricks.regressiontest.LeadsLoadingScenario" tests="1" failures="0" timestamp="20 Apr 2016 09:19:54 GMT" time="78.452" errors="0">
  <testcase name="verifyLeadsLoadedTestTC_01" time="78.452" classname="com.magicbricks.regressiontest.LeadsLoadingScenario"/>
</testsuite> <!-- com.magicbricks.regressiontest.LeadsLoadingScenario -->
