<?xml version="1.0" encoding="UTF-8"?>
<!-- Generated by org.testng.reporters.JUnitReportReporter -->
<testsuite hostname="Pramod-PC" name="com.actitime.functionaltests.SC_001" tests="2" failures="0" timestamp="6 Mar 2016 08:12:51 GMT" time="0.240" errors="0">
  <testcase name="t1" time="0.001" classname="com.actitime.functionaltests.SC_001"/>
  <testcase name="testTC_01" time="0.239" classname="com.actitime.functionaltests.SC_001"/>
</testsuite> <!-- com.actitime.functionaltests.SC_001 -->
