<?xml version="1.0" encoding="UTF-8"?>
<!-- Generated by org.testng.reporters.JUnitReportReporter -->
<testsuite hostname="PoojaGadekar" name="com.magicbricks.regressiontest.LoginTestSC_001" tests="2" failures="0" timestamp="13 Apr 2016 15:59:02 GMT" time="22.507" errors="0">
  <testcase name="t1" time="0.008" classname="com.magicbricks.regressiontest.LoginTestSC_001"/>
  <testcase name="loginTestTC_001" time="22.499" classname="com.magicbricks.regressiontest.LoginTestSC_001"/>
</testsuite> <!-- com.magicbricks.regressiontest.LoginTestSC_001 -->
