<?xml version="1.0" encoding="UTF-8"?>
<!-- Generated by org.testng.reporters.JUnitReportReporter -->
<testsuite hostname="Pramod-PC" name="com.actitime.functionaltests.SC_005" tests="2" failures="0" timestamp="6 Mar 2016 08:12:51 GMT" time="0.671" errors="0">
  <testcase name="t1" time="0.001" classname="com.actitime.functionaltests.SC_005"/>
  <testcase name="testTC_024" time="0.670" classname="com.actitime.functionaltests.SC_005"/>
</testsuite> <!-- com.actitime.functionaltests.SC_005 -->
